<?xml version="1.0" encoding="UTF-8"?>
<testng-results skipped="0" failed="0" ignored="0" total="2" passed="2">
  <reporter-output>
  </reporter-output>
  <suite name="Gradle suite" duration-ms="16192" started-at="2023-02-11T09:24:00 SAMT" finished-at="2023-02-11T09:24:16 SAMT">
    <groups>
    </groups>
    <test name="Gradle test" duration-ms="16192" started-at="2023-02-11T09:24:00 SAMT" finished-at="2023-02-11T09:24:16 SAMT">
      <class name="hh.HhTest">
        <test-method status="PASS" signature="init()[pri:0, instance:hh.HhTest@22fa55b2]" name="init" is-config="true" duration-ms="1556" started-at="2023-02-11T09:24:00 SAMT" finished-at="2023-02-11T09:24:01 SAMT">
          <reporter-output>
          </reporter-output>
        </test-method> <!-- init -->
        <test-method status="PASS" signature="checkHHClass()[pri:0, instance:hh.HhTest@22fa55b2]" name="checkHHClass" duration-ms="11374" started-at="2023-02-11T09:24:02 SAMT" finished-at="2023-02-11T09:24:13 SAMT">
          <reporter-output>
          </reporter-output>
        </test-method> <!-- checkHHClass -->
        <test-method status="PASS" signature="checkHHMap()[pri:0, instance:hh.HhTest@22fa55b2]" name="checkHHMap" duration-ms="2150" started-at="2023-02-11T09:24:13 SAMT" finished-at="2023-02-11T09:24:15 SAMT">
          <reporter-output>
          </reporter-output>
        </test-method> <!-- checkHHMap -->
        <test-method status="PASS" signature="tearDown()[pri:0, instance:hh.HhTest@22fa55b2]" name="tearDown" is-config="true" duration-ms="758" started-at="2023-02-11T09:24:15 SAMT" finished-at="2023-02-11T09:24:16 SAMT">
          <reporter-output>
          </reporter-output>
        </test-method> <!-- tearDown -->
      </class> <!-- hh.HhTest -->
    </test> <!-- Gradle test -->
  </suite> <!-- Gradle suite -->
</testng-results>
